waktu mulai => start2022-05-21 01:01:20
no => 1; subnet_code => S-001; subnet => Jakarta; jam => 2022 05 21 01:20:01
no => 2; subnet_code => S-002; subnet => Bandung; jam => 2022 05 21 01:20:01
no => 3; subnet_code => S-003; subnet => Bogor; jam => 2022 05 21 01:20:01
no => 4; subnet_code => S-004; subnet => Purwakarta; jam => 2022 05 21 01:20:01
no => 5; subnet_code => S-005; subnet => Tegal; jam => 2022 05 21 01:20:01
no => 6; subnet_code => S-006; subnet => Pekalongan; jam => 2022 05 21 01:20:01
no => 7; subnet_code => S-007; subnet => Solo; jam => 2022 05 21 01:20:01
no => 8; subnet_code => S-008; subnet => Surabaya; jam => 2022 05 21 01:20:01
no => 9; subnet_code => S-009; subnet => Kediri; jam => 2022 05 21 01:20:01
no => 10; subnet_code => S-010; subnet => Malang; jam => 2022 05 21 01:20:01
no => 11; subnet_code => S-011; subnet => Mataram; jam => 2022 05 21 01:20:01
no => 12; subnet_code => S-012; subnet => Medan; jam => 2022 05 21 01:20:01
no => 13; subnet_code => S-013; subnet => Denpasar; jam => 2022 05 21 01:20:01
no => 14; subnet_code => S-014; subnet => Banjarmasin; jam => 2022 05 21 01:20:01
no => 15; subnet_code => S-015; subnet => Bontang; jam => 2022 05 21 01:20:01
no => 16; subnet_code => S-016; subnet => Balikpapan; jam => 2022 05 21 01:20:01
no => 17; subnet_code => S-017; subnet => Jakarta Kuncit; jam => 2022 05 21 01:20:01
no => 18; subnet_code => S-018; subnet => Jakarta Noble Hs; jam => 2022 05 21 01:20:01
no => 19; subnet_code => S-019; subnet => Jakarta Ra Residence; jam => 2022 05 21 01:20:01
no => 20; subnet_code => S-020; subnet => KBPa (Kota Baru Parahyangan); jam => 2022 05 21 01:20:01
no => 21; subnet_code => S-021; subnet => Jakarta Soho Pancoran (SoPan); jam => 2022 05 21 01:20:01
no => 22; subnet_code => S-022; subnet => Neo Soho Podomoro City; jam => 2022 05 21 01:20:01
no => 23; subnet_code => S-023; subnet => Jakarta Tanah Abang; jam => 2022 05 21 01:20:01
waktu selesai => 2022-05-21 01:01:20 to 2022 05 21 01:20:01
